<?xml version="1.0" encoding="UTF-8"?>
<!-- Generated by org.testng.reporters.JUnitReportReporter -->
<testsuite skipped="0" hostname="DESKTOP-LU9MCAK" name="productTest.OrderSavedAsPDF" tests="1" failures="0" timestamp="01 Jul 2018 22:50:21 GMT" time="31.530" errors="0">
  <testcase name="orderAsPDF" time="31.530" classname="productTest.OrderSavedAsPDF"/>
</testsuite> <!-- productTest.OrderSavedAsPDF -->
