<?xml version="1.0" encoding="UTF-8"?>
<!-- Generated by org.testng.reporters.JUnitReportReporter -->
<testsuite skipped="0" hostname="DESKTOP-LU9MCAK" name="productTest.OrderSavedAsPDF" tests="1" failures="0" timestamp="21 Jul 2018 03:16:18 GMT" time="31.309" errors="0">
  <testcase name="orderAsPDF" time="31.309" classname="productTest.OrderSavedAsPDF"/>
</testsuite> <!-- productTest.OrderSavedAsPDF -->
